{"C:\\projects\\git\\Wajs_Konrad\\jsk-start-master\\src\\app\\Calendar\\calendarModel.js": {"path":"C:\\projects\\git\\Wajs_Konrad\\jsk-start-master\\src\\app\\Calendar\\calendarModel.js","statementMap":{"0":{"start":{"line":4,"column":18},"end":{"line":4,"column":19}},"1":{"start":{"line":5,"column":40},"end":{"line":5,"column":41}},"2":{"start":{"line":6,"column":24},"end":{"line":6,"column":27}},"3":{"start":{"line":7,"column":23},"end":{"line":7,"column":26}},"4":{"start":{"line":8,"column":24},"end":{"line":8,"column":27}},"5":{"start":{"line":10,"column":16},"end":{"line":10,"column":34}},"6":{"start":{"line":12,"column":24},"end":{"line":12,"column":47}},"7":{"start":{"line":14,"column":21},"end":{"line":18,"column":1}},"8":{"start":{"line":15,"column":4},"end":{"line":17,"column":5}},"9":{"start":{"line":16,"column":8},"end":{"line":16,"column":41}},"10":{"start":{"line":19,"column":22},"end":{"line":23,"column":1}},"11":{"start":{"line":20,"column":4},"end":{"line":22,"column":5}},"12":{"start":{"line":21,"column":8},"end":{"line":21,"column":42}},"13":{"start":{"line":24,"column":20},"end":{"line":28,"column":1}},"14":{"start":{"line":25,"column":4},"end":{"line":27,"column":5}},"15":{"start":{"line":26,"column":8},"end":{"line":26,"column":40}},"16":{"start":{"line":30,"column":25},"end":{"line":42,"column":1}},"17":{"start":{"line":31,"column":4},"end":{"line":31,"column":23}},"18":{"start":{"line":32,"column":4},"end":{"line":32,"column":25}},"19":{"start":{"line":34,"column":27},"end":{"line":34,"column":36}},"20":{"start":{"line":35,"column":18},"end":{"line":35,"column":101}},"21":{"start":{"line":36,"column":4},"end":{"line":40,"column":5}},"22":{"start":{"line":37,"column":8},"end":{"line":39,"column":9}},"23":{"start":{"line":38,"column":12},"end":{"line":38,"column":70}},"24":{"start":{"line":41,"column":4},"end":{"line":41,"column":28}},"25":{"start":{"line":44,"column":27},"end":{"line":50,"column":1}},"26":{"start":{"line":45,"column":4},"end":{"line":47,"column":5}},"27":{"start":{"line":46,"column":8},"end":{"line":46,"column":57}},"28":{"start":{"line":49,"column":4},"end":{"line":49,"column":94}},"29":{"start":{"line":52,"column":24},"end":{"line":70,"column":1}},"30":{"start":{"line":53,"column":4},"end":{"line":53,"column":53}},"31":{"start":{"line":54,"column":4},"end":{"line":54,"column":73}},"32":{"start":{"line":55,"column":4},"end":{"line":55,"column":41}},"33":{"start":{"line":57,"column":4},"end":{"line":59,"column":5}},"34":{"start":{"line":58,"column":8},"end":{"line":58,"column":45}},"35":{"start":{"line":60,"column":4},"end":{"line":62,"column":5}},"36":{"start":{"line":61,"column":8},"end":{"line":61,"column":45}},"37":{"start":{"line":64,"column":20},"end":{"line":64,"column":22}},"38":{"start":{"line":65,"column":4},"end":{"line":67,"column":5}},"39":{"start":{"line":66,"column":8},"end":{"line":66,"column":41}},"40":{"start":{"line":68,"column":4},"end":{"line":68,"column":26}},"41":{"start":{"line":69,"column":4},"end":{"line":69,"column":36}}},"fnMap":{"0":{"name":"(anonymous_0)","decl":{"start":{"line":14,"column":21},"end":{"line":14,"column":22}},"loc":{"start":{"line":14,"column":31},"end":{"line":18,"column":1}},"line":14},"1":{"name":"(anonymous_1)","decl":{"start":{"line":19,"column":22},"end":{"line":19,"column":23}},"loc":{"start":{"line":19,"column":33},"end":{"line":23,"column":1}},"line":19},"2":{"name":"(anonymous_2)","decl":{"start":{"line":24,"column":20},"end":{"line":24,"column":21}},"loc":{"start":{"line":24,"column":29},"end":{"line":28,"column":1}},"line":24},"3":{"name":"(anonymous_3)","decl":{"start":{"line":30,"column":25},"end":{"line":30,"column":26}},"loc":{"start":{"line":30,"column":42},"end":{"line":42,"column":1}},"line":30},"4":{"name":"(anonymous_4)","decl":{"start":{"line":44,"column":27},"end":{"line":44,"column":28}},"loc":{"start":{"line":44,"column":40},"end":{"line":50,"column":1}},"line":44},"5":{"name":"(anonymous_5)","decl":{"start":{"line":52,"column":24},"end":{"line":52,"column":25}},"loc":{"start":{"line":52,"column":42},"end":{"line":70,"column":1}},"line":52}},"branchMap":{"0":{"loc":{"start":{"line":15,"column":4},"end":{"line":17,"column":5}},"type":"if","locations":[{"start":{"line":15,"column":4},"end":{"line":17,"column":5}},{"start":{"line":15,"column":4},"end":{"line":17,"column":5}}],"line":15},"1":{"loc":{"start":{"line":15,"column":8},"end":{"line":15,"column":34}},"type":"binary-expr","locations":[{"start":{"line":15,"column":8},"end":{"line":15,"column":19}},{"start":{"line":15,"column":23},"end":{"line":15,"column":34}}],"line":15},"2":{"loc":{"start":{"line":20,"column":4},"end":{"line":22,"column":5}},"type":"if","locations":[{"start":{"line":20,"column":4},"end":{"line":22,"column":5}},{"start":{"line":20,"column":4},"end":{"line":22,"column":5}}],"line":20},"3":{"loc":{"start":{"line":20,"column":8},"end":{"line":20,"column":31}},"type":"binary-expr","locations":[{"start":{"line":20,"column":8},"end":{"line":20,"column":17}},{"start":{"line":20,"column":21},"end":{"line":20,"column":31}}],"line":20},"4":{"loc":{"start":{"line":25,"column":4},"end":{"line":27,"column":5}},"type":"if","locations":[{"start":{"line":25,"column":4},"end":{"line":27,"column":5}},{"start":{"line":25,"column":4},"end":{"line":27,"column":5}}],"line":25},"5":{"loc":{"start":{"line":25,"column":8},"end":{"line":25,"column":27}},"type":"binary-expr","locations":[{"start":{"line":25,"column":8},"end":{"line":25,"column":15}},{"start":{"line":25,"column":19},"end":{"line":25,"column":27}}],"line":25},"6":{"loc":{"start":{"line":37,"column":8},"end":{"line":39,"column":9}},"type":"if","locations":[{"start":{"line":37,"column":8},"end":{"line":39,"column":9}},{"start":{"line":37,"column":8},"end":{"line":39,"column":9}}],"line":37},"7":{"loc":{"start":{"line":45,"column":4},"end":{"line":47,"column":5}},"type":"if","locations":[{"start":{"line":45,"column":4},"end":{"line":47,"column":5}},{"start":{"line":45,"column":4},"end":{"line":47,"column":5}}],"line":45},"8":{"loc":{"start":{"line":45,"column":8},"end":{"line":45,"column":142}},"type":"binary-expr","locations":[{"start":{"line":45,"column":8},"end":{"line":45,"column":49}},{"start":{"line":45,"column":53},"end":{"line":45,"column":142}}],"line":45},"9":{"loc":{"start":{"line":57,"column":4},"end":{"line":59,"column":5}},"type":"if","locations":[{"start":{"line":57,"column":4},"end":{"line":59,"column":5}},{"start":{"line":57,"column":4},"end":{"line":59,"column":5}}],"line":57},"10":{"loc":{"start":{"line":57,"column":8},"end":{"line":57,"column":48}},"type":"binary-expr","locations":[{"start":{"line":57,"column":8},"end":{"line":57,"column":27}},{"start":{"line":57,"column":31},"end":{"line":57,"column":48}}],"line":57},"11":{"loc":{"start":{"line":60,"column":4},"end":{"line":62,"column":5}},"type":"if","locations":[{"start":{"line":60,"column":4},"end":{"line":62,"column":5}},{"start":{"line":60,"column":4},"end":{"line":62,"column":5}}],"line":60},"12":{"loc":{"start":{"line":60,"column":8},"end":{"line":60,"column":48}},"type":"binary-expr","locations":[{"start":{"line":60,"column":8},"end":{"line":60,"column":27}},{"start":{"line":60,"column":31},"end":{"line":60,"column":48}}],"line":60},"13":{"loc":{"start":{"line":65,"column":4},"end":{"line":67,"column":5}},"type":"if","locations":[{"start":{"line":65,"column":4},"end":{"line":67,"column":5}},{"start":{"line":65,"column":4},"end":{"line":67,"column":5}}],"line":65}},"s":{"0":1,"1":1,"2":1,"3":1,"4":1,"5":1,"6":1,"7":1,"8":11,"9":1,"10":1,"11":10,"12":1,"13":1,"14":5,"15":1,"16":1,"17":6,"18":5,"19":4,"20":4,"21":4,"22":21,"23":17,"24":4,"25":1,"26":2,"27":1,"28":1,"29":1,"30":5,"31":5,"32":5,"33":4,"34":1,"35":3,"36":1,"37":2,"38":2,"39":1,"40":2,"41":2},"f":{"0":11,"1":10,"2":5,"3":6,"4":2,"5":5},"b":{"0":[1,10],"1":[11,10],"2":[1,9],"3":[10,10],"4":[1,4],"5":[5,5],"6":[17,4],"7":[1,1],"8":[2,2],"9":[1,3],"10":[4,4],"11":[1,2],"12":[3,3],"13":[1,1]},"_coverageSchema":"43e27e138ebf9cfc5966b082cf9a028302ed4184","hash":"9f375fd295e0a00d6cd05aefdf49670bec2eb2a7"}
,"C:\\projects\\git\\Wajs_Konrad\\jsk-start-master\\src\\app\\Calendar\\data.js": {"path":"C:\\projects\\git\\Wajs_Konrad\\jsk-start-master\\src\\app\\Calendar\\data.js","statementMap":{"0":{"start":{"line":1,"column":14},"end":{"line":1,"column":22}},"1":{"start":{"line":2,"column":21},"end":{"line":7,"column":1}},"2":{"start":{"line":9,"column":14},"end":{"line":9,"column":22}},"3":{"start":{"line":10,"column":21},"end":{"line":15,"column":1}},"4":{"start":{"line":17,"column":14},"end":{"line":17,"column":22}},"5":{"start":{"line":18,"column":21},"end":{"line":23,"column":1}},"6":{"start":{"line":25,"column":14},"end":{"line":25,"column":22}},"7":{"start":{"line":26,"column":21},"end":{"line":31,"column":1}},"8":{"start":{"line":33,"column":14},"end":{"line":33,"column":22}},"9":{"start":{"line":34,"column":21},"end":{"line":39,"column":1}},"10":{"start":{"line":41,"column":21},"end":{"line":46,"column":1}},"11":{"start":{"line":48,"column":27},"end":{"line":48,"column":36}},"12":{"start":{"line":50,"column":0},"end":{"line":50,"column":55}},"13":{"start":{"line":51,"column":0},"end":{"line":51,"column":41}},"14":{"start":{"line":52,"column":0},"end":{"line":52,"column":41}},"15":{"start":{"line":53,"column":0},"end":{"line":53,"column":41}},"16":{"start":{"line":54,"column":0},"end":{"line":54,"column":55}}},"fnMap":{},"branchMap":{},"s":{"0":1,"1":1,"2":1,"3":1,"4":1,"5":1,"6":1,"7":1,"8":1,"9":1,"10":1,"11":1,"12":1,"13":1,"14":1,"15":1,"16":1},"f":{},"b":{},"_coverageSchema":"43e27e138ebf9cfc5966b082cf9a028302ed4184","hash":"c1571112091b7b3ef7a52ad65d9507031b999a84"}
}
