TN:
SF:C:\projects\git\Wajs_Konrad\jsk-start-master\src\app\Calendar\calendarModel.js
FN:14,(anonymous_0)
FN:19,(anonymous_1)
FN:24,(anonymous_2)
FN:30,(anonymous_3)
FN:44,(anonymous_4)
FN:52,(anonymous_5)
FNF:6
FNH:6
FNDA:11,(anonymous_0)
FNDA:10,(anonymous_1)
FNDA:5,(anonymous_2)
FNDA:6,(anonymous_3)
FNDA:2,(anonymous_4)
FNDA:5,(anonymous_5)
DA:4,1
DA:5,1
DA:6,1
DA:7,1
DA:8,1
DA:10,1
DA:12,1
DA:14,1
DA:15,11
DA:16,1
DA:19,1
DA:20,10
DA:21,1
DA:24,1
DA:25,5
DA:26,1
DA:30,1
DA:31,6
DA:32,5
DA:34,4
DA:35,4
DA:36,4
DA:37,21
DA:38,17
DA:41,4
DA:44,1
DA:45,2
DA:46,1
DA:49,1
DA:52,1
DA:53,5
DA:54,5
DA:55,5
DA:57,4
DA:58,1
DA:60,3
DA:61,1
DA:64,2
DA:65,2
DA:66,1
DA:68,2
DA:69,2
LF:42
LH:42
BRDA:15,0,0,1
BRDA:15,0,1,10
BRDA:15,1,0,11
BRDA:15,1,1,10
BRDA:20,2,0,1
BRDA:20,2,1,9
BRDA:20,3,0,10
BRDA:20,3,1,10
BRDA:25,4,0,1
BRDA:25,4,1,4
BRDA:25,5,0,5
BRDA:25,5,1,5
BRDA:37,6,0,17
BRDA:37,6,1,4
BRDA:45,7,0,1
BRDA:45,7,1,1
BRDA:45,8,0,2
BRDA:45,8,1,2
BRDA:57,9,0,1
BRDA:57,9,1,3
BRDA:57,10,0,4
BRDA:57,10,1,4
BRDA:60,11,0,1
BRDA:60,11,1,2
BRDA:60,12,0,3
BRDA:60,12,1,3
BRDA:65,13,0,1
BRDA:65,13,1,1
BRF:28
BRH:28
end_of_record
TN:
SF:C:\projects\git\Wajs_Konrad\jsk-start-master\src\app\Calendar\data.js
FNF:0
FNH:0
DA:1,1
DA:2,1
DA:9,1
DA:10,1
DA:17,1
DA:18,1
DA:25,1
DA:26,1
DA:33,1
DA:34,1
DA:41,1
DA:48,1
DA:50,1
DA:51,1
DA:52,1
DA:53,1
DA:54,1
LF:17
LH:17
BRF:0
BRH:0
end_of_record
